2023-09-22 03:21:33 [main] INFO  c.m.s.SpringToKafkaDemo - Starting SpringToKafkaDemo using Java 17.0.5 on TECH-8Z8R with PID 11012 (C:\Users\gabriel.gitonga\Desktop\microservices\event_dd_ms\twitter_to_kafka_svs\spring_to_kafka\target\classes started by gabriel.gitonga in C:\Users\gabriel.gitonga\Desktop\microservices\event_dd_ms)
2023-09-22 03:21:33 [main] INFO  c.m.s.SpringToKafkaDemo - No active profile set, falling back to 1 default profile: "default"
2023-09-22 03:21:33 [main] WARN  o.s.c.a.AnnotationConfigApplicationContext - Exception encountered during context initialization - cancelling refresh attempt: org.springframework.beans.factory.UnsatisfiedDependencyException: Error creating bean with name 'springToKafkaDemo': Unsatisfied dependency expressed through constructor parameter 1; nested exception is org.springframework.beans.factory.NoUniqueBeanDefinitionException: No qualifying bean of type 'com.ms.spring_to_kafka.runner.StreamRunner' available: expected single matching bean but found 2: twitterKafkaStreamRunner,twitterV2KafkaStreamRunner
2023-09-22 03:21:33 [main] INFO  o.s.b.a.l.ConditionEvaluationReportLoggingListener - 

Error starting ApplicationContext. To display the conditions report re-run your application with 'debug' enabled.
2023-09-22 03:21:33 [main] ERROR o.s.b.d.LoggingFailureAnalysisReporter - 

***************************
APPLICATION FAILED TO START
***************************

Description:

Parameter 1 of constructor in com.ms.spring_to_kafka.SpringToKafkaDemo required a single bean, but 2 were found:
	- twitterKafkaStreamRunner: defined in file [C:\Users\gabriel.gitonga\Desktop\microservices\event_dd_ms\twitter_to_kafka_svs\spring_to_kafka\target\classes\com\ms\spring_to_kafka\runner\impl\TwitterKafkaStreamRunner.class]
	- twitterV2KafkaStreamRunner: defined in file [C:\Users\gabriel.gitonga\Desktop\microservices\event_dd_ms\twitter_to_kafka_svs\spring_to_kafka\target\classes\com\ms\spring_to_kafka\runner\impl\TwitterV2KafkaStreamRunner.class]


Action:

Consider marking one of the beans as @Primary, updating the consumer to accept multiple beans, or using @Qualifier to identify the bean that should be consumed

2023-09-22 03:23:49 [main] INFO  c.m.s.SpringToKafkaDemo - Starting SpringToKafkaDemo using Java 17.0.5 on TECH-8Z8R with PID 1436 (C:\Users\gabriel.gitonga\Desktop\microservices\event_dd_ms\twitter_to_kafka_svs\spring_to_kafka\target\classes started by gabriel.gitonga in C:\Users\gabriel.gitonga\Desktop\microservices\event_dd_ms)
2023-09-22 03:23:49 [main] INFO  c.m.s.SpringToKafkaDemo - No active profile set, falling back to 1 default profile: "default"
2023-09-22 03:23:50 [main] INFO  c.m.s.SpringToKafkaDemo - Started SpringToKafkaDemo in 1.006 seconds (JVM running for 1.698)
2023-09-22 03:23:50 [main] INFO  c.m.s.SpringToKafkaDemo - App starts...
2023-09-22 03:23:50 [main] INFO  c.m.s.SpringToKafkaDemo - [Java, Microservices, Kafka, Elasticsearch]
2023-09-22 03:23:50 [main] INFO  c.m.s.SpringToKafkaDemo - Hello microservices! hhh
2023-09-22 03:23:50 [main] INFO  c.m.s.r.i.TwitterKafkaStreamRunner - Started filtering twitter API with keywords {}[Java, Microservices, Kafka, Elasticsearch]
2023-09-22 03:23:50 [Twitter Stream consumer /  [1][initializing]] INFO  twitter4j.TwitterStreamImpl - Establishing connection.
2023-09-22 03:23:51 [Twitter Stream consumer /  [1][Establishing connection]] INFO  twitter4j.TwitterStreamImpl - https://stream.twitter.com/1.1/statuses/filter.json
2023-09-22 03:23:51 [Twitter Stream consumer /  [1][Establishing connection]] INFO  twitter4j.TwitterStreamImpl - Waiting for 250 milliseconds
2023-09-22 03:23:51 [Twitter Stream consumer /  [1][Waiting for 250 milliseconds]] INFO  twitter4j.TwitterStreamImpl - Establishing connection.
2023-09-22 03:23:52 [Twitter Stream consumer /  [1][Establishing connection]] INFO  twitter4j.TwitterStreamImpl - https://stream.twitter.com/1.1/statuses/filter.json
2023-09-22 03:23:52 [Twitter Stream consumer /  [1][Establishing connection]] INFO  twitter4j.TwitterStreamImpl - Waiting for 500 milliseconds
2023-09-22 03:23:53 [Twitter Stream consumer /  [1][Waiting for 500 milliseconds]] INFO  twitter4j.TwitterStreamImpl - Establishing connection.
2023-09-22 03:23:53 [Twitter Stream consumer /  [1][Establishing connection]] INFO  twitter4j.TwitterStreamImpl - https://stream.twitter.com/1.1/statuses/filter.json
2023-09-22 03:23:53 [Twitter Stream consumer /  [1][Establishing connection]] INFO  twitter4j.TwitterStreamImpl - Waiting for 1000 milliseconds
2023-09-22 03:23:54 [Twitter Stream consumer /  [1][Waiting for 1000 milliseconds]] INFO  twitter4j.TwitterStreamImpl - Establishing connection.
2023-09-22 03:23:55 [Twitter Stream consumer /  [1][Establishing connection]] INFO  twitter4j.TwitterStreamImpl - https://stream.twitter.com/1.1/statuses/filter.json
2023-09-22 03:23:55 [Twitter Stream consumer /  [1][Establishing connection]] INFO  twitter4j.TwitterStreamImpl - Waiting for 2000 milliseconds
2023-09-22 03:23:57 [Twitter Stream consumer /  [1][Waiting for 2000 milliseconds]] INFO  twitter4j.TwitterStreamImpl - Establishing connection.
2023-09-22 03:23:58 [Twitter Stream consumer /  [1][Establishing connection]] INFO  twitter4j.TwitterStreamImpl - https://stream.twitter.com/1.1/statuses/filter.json
2023-09-22 03:23:58 [Twitter Stream consumer /  [1][Establishing connection]] INFO  twitter4j.TwitterStreamImpl - Waiting for 4000 milliseconds
2023-09-22 03:24:02 [Twitter Stream consumer /  [1][Waiting for 4000 milliseconds]] INFO  twitter4j.TwitterStreamImpl - Establishing connection.
2023-09-22 03:24:03 [Twitter Stream consumer /  [1][Establishing connection]] INFO  twitter4j.TwitterStreamImpl - https://stream.twitter.com/1.1/statuses/filter.json
2023-09-22 03:24:03 [Twitter Stream consumer /  [1][Establishing connection]] INFO  twitter4j.TwitterStreamImpl - Waiting for 8000 milliseconds
2023-09-22 03:24:11 [Twitter Stream consumer /  [1][Waiting for 8000 milliseconds]] INFO  twitter4j.TwitterStreamImpl - Establishing connection.
2023-09-22 03:24:12 [Twitter Stream consumer /  [1][Establishing connection]] INFO  twitter4j.TwitterStreamImpl - https://stream.twitter.com/1.1/statuses/filter.json
2023-09-22 03:24:12 [Twitter Stream consumer /  [1][Establishing connection]] INFO  twitter4j.TwitterStreamImpl - Waiting for 16000 milliseconds
2023-09-22 03:24:28 [Twitter Stream consumer /  [1][Waiting for 16000 milliseconds]] INFO  twitter4j.TwitterStreamImpl - Establishing connection.
2023-09-22 03:24:29 [Twitter Stream consumer /  [1][Establishing connection]] INFO  twitter4j.TwitterStreamImpl - https://stream.twitter.com/1.1/statuses/filter.json
2023-09-22 03:24:29 [Twitter Stream consumer /  [1][Establishing connection]] INFO  twitter4j.TwitterStreamImpl - Waiting for 16000 milliseconds
2023-09-22 03:24:45 [Twitter Stream consumer /  [1][Waiting for 16000 milliseconds]] INFO  twitter4j.TwitterStreamImpl - Establishing connection.
2023-09-22 03:24:45 [Twitter Stream consumer /  [1][Establishing connection]] INFO  twitter4j.TwitterStreamImpl - https://stream.twitter.com/1.1/statuses/filter.json
2023-09-22 03:24:45 [Twitter Stream consumer /  [1][Establishing connection]] INFO  twitter4j.TwitterStreamImpl - Waiting for 16000 milliseconds
2023-09-22 03:25:01 [Twitter Stream consumer /  [1][Waiting for 16000 milliseconds]] INFO  twitter4j.TwitterStreamImpl - Establishing connection.
2023-09-22 03:25:02 [Twitter Stream consumer /  [1][Establishing connection]] INFO  twitter4j.TwitterStreamImpl - https://stream.twitter.com/1.1/statuses/filter.json
2023-09-22 03:25:02 [Twitter Stream consumer /  [1][Establishing connection]] INFO  twitter4j.TwitterStreamImpl - Waiting for 16000 milliseconds
2023-09-22 03:25:18 [Twitter Stream consumer /  [1][Waiting for 16000 milliseconds]] INFO  twitter4j.TwitterStreamImpl - Establishing connection.
2023-09-22 03:25:19 [Twitter Stream consumer /  [1][Establishing connection]] INFO  twitter4j.TwitterStreamImpl - https://stream.twitter.com/1.1/statuses/filter.json
2023-09-22 03:25:19 [Twitter Stream consumer /  [1][Establishing connection]] INFO  twitter4j.TwitterStreamImpl - Waiting for 16000 milliseconds
2023-09-22 03:25:27 [main] INFO  c.m.s.SpringToKafkaDemo - Starting SpringToKafkaDemo using Java 17.0.5 on TECH-8Z8R with PID 12856 (C:\Users\gabriel.gitonga\Desktop\microservices\event_dd_ms\twitter_to_kafka_svs\spring_to_kafka\target\classes started by gabriel.gitonga in C:\Users\gabriel.gitonga\Desktop\microservices\event_dd_ms)
2023-09-22 03:25:27 [main] INFO  c.m.s.SpringToKafkaDemo - No active profile set, falling back to 1 default profile: "default"
2023-09-22 03:25:28 [main] INFO  c.m.s.SpringToKafkaDemo - Started SpringToKafkaDemo in 1.13 seconds (JVM running for 1.858)
2023-09-22 03:25:28 [main] INFO  c.m.s.SpringToKafkaDemo - App starts...
2023-09-22 03:25:28 [main] INFO  c.m.s.SpringToKafkaDemo - [Java, Microservices, Kafka, Elasticsearch]
2023-09-22 03:25:28 [main] INFO  c.m.s.SpringToKafkaDemo - Hello microservices! hhh
2023-09-22 03:25:28 [main] INFO  c.m.s.l.TwitterKafkaStatusListener - Starting mock filtering twitter streams for keywords [Java, Microservices, Kafka, Elasticsearch]
2023-09-22 03:25:28 [pool-1-thread-1] INFO  c.m.s.l.TwitterKafkaStatusListener - Twitter status with {}elit malesuada porttitor congue consectetuer amet Lorem consectetuer Elasticsearch dolor ultricies sit magna elit ipsum ipsum
2023-09-22 03:25:38 [pool-1-thread-1] INFO  c.m.s.l.TwitterKafkaStatusListener - Twitter status with {}libero Maecenas lectus Microservices porttitor elit
2023-09-22 03:25:48 [pool-1-thread-1] INFO  c.m.s.l.TwitterKafkaStatusListener - Twitter status with {}massa massa congue pulvinar posuere lectus posuere Elasticsearch elit Maecenas Maecenas massa porttitor
2023-09-22 03:25:58 [pool-1-thread-1] INFO  c.m.s.l.TwitterKafkaStatusListener - Twitter status with {}pulvinar lectus pulvinar posuere Java malesuada Fusce Maecenas
2023-09-22 03:26:08 [pool-1-thread-1] INFO  c.m.s.l.TwitterKafkaStatusListener - Twitter status with {}congue malesuada purus libero sed sit Microservices elit pulvinar malesuada adipiscing amet
2023-09-22 03:26:18 [pool-1-thread-1] INFO  c.m.s.l.TwitterKafkaStatusListener - Twitter status with {}dolor elit adipiscing purus Java posuere congue
2023-09-22 03:26:28 [pool-1-thread-1] INFO  c.m.s.l.TwitterKafkaStatusListener - Twitter status with {}dolor Fusce Maecenas Microservices ultricies Fusce
2023-09-22 03:26:42 [main] INFO  c.m.s.SpringToKafkaDemo - Starting SpringToKafkaDemo using Java 17.0.5 on TECH-8Z8R with PID 18512 (C:\Users\gabriel.gitonga\Desktop\microservices\event_dd_ms\twitter_to_kafka_svs\spring_to_kafka\target\classes started by gabriel.gitonga in C:\Users\gabriel.gitonga\Desktop\microservices\event_dd_ms)
2023-09-22 03:26:42 [main] INFO  c.m.s.SpringToKafkaDemo - No active profile set, falling back to 1 default profile: "default"
2023-09-22 03:26:43 [main] INFO  c.m.s.SpringToKafkaDemo - Started SpringToKafkaDemo in 0.965 seconds (JVM running for 1.706)
2023-09-22 03:26:43 [main] INFO  c.m.s.SpringToKafkaDemo - App starts...
2023-09-22 03:26:43 [main] INFO  c.m.s.SpringToKafkaDemo - [Java, Microservices, Kafka, Elasticsearch]
2023-09-22 03:26:43 [main] INFO  c.m.s.SpringToKafkaDemo - Hello microservices! hhh
2023-09-22 03:26:43 [main] INFO  c.m.s.l.TwitterKafkaStatusListener - Starting mock filtering twitter streams for keywords [Java, Microservices, Kafka, Elasticsearch]
2023-09-22 03:26:43 [pool-1-thread-1] INFO  c.m.s.l.TwitterKafkaStatusListener - Twitter status with {}posuere Fusce dolor amet congue Kafka porttitor purus posuere sit
2023-09-22 03:26:53 [pool-1-thread-1] INFO  c.m.s.l.TwitterKafkaStatusListener - Twitter status with {}Fusce Maecenas elit Fusce Kafka dolor lectus
2023-09-22 03:27:03 [pool-1-thread-1] INFO  c.m.s.l.TwitterKafkaStatusListener - Twitter status with {}sed magna sed Fusce Java ultricies Lorem
2023-09-22 03:27:13 [pool-1-thread-1] INFO  c.m.s.l.TwitterKafkaStatusListener - Twitter status with {}ipsum ipsum lectus libero adipiscing adipiscing Elasticsearch Maecenas congue libero adipiscing amet
2023-09-22 03:27:23 [pool-1-thread-1] INFO  c.m.s.l.TwitterKafkaStatusListener - Twitter status with {}lectus Fusce Lorem consectetuer pulvinar dolor lectus consectetuer Elasticsearch elit porttitor Fusce lectus sit congue Lorem
2023-09-22 03:27:33 [pool-1-thread-1] INFO  c.m.s.l.TwitterKafkaStatusListener - Twitter status with {}Lorem ultricies Fusce malesuada elit Lorem Microservices sit Fusce lectus lectus
