2023-08-12 20:48:17 [main] INFO  c.m.s.SpringToKafkaDemo - Starting SpringToKafkaDemo using Java 17.0.5 on TECH-8Z8R with PID 16180 (C:\Users\gabriel.gitonga\Desktop\microservices\event_dd_ms\twitter_to_kafka_svs\spring_to_kafka\target\classes started by gabriel.gitonga in C:\Users\gabriel.gitonga\Desktop\microservices\event_dd_ms)
2023-08-12 20:48:17 [main] INFO  c.m.s.SpringToKafkaDemo - No active profile set, falling back to 1 default profile: "default"
2023-08-12 20:48:18 [main] INFO  c.m.s.SpringToKafkaDemo - Started SpringToKafkaDemo in 1.129 seconds (JVM running for 2.263)
2023-08-12 20:48:18 [main] INFO  c.m.s.SpringToKafkaDemo - App starts...
2023-08-12 20:48:18 [main] INFO  c.m.s.SpringToKafkaDemo - [Java, Microservices, Kafka, Elasticsearch]
2023-08-12 20:48:18 [main] INFO  c.m.s.SpringToKafkaDemo - Hello microservices! hhh
2023-08-12 20:48:18 [main] INFO  c.m.s.r.i.TwitterV2KafkaStreamRunner - Created filter for twitter stream for keywords: [Java, Microservices, Kafka, Elasticsearch]
2023-08-12 20:48:20 [main] INFO  c.m.s.r.impl.TwitterV2StreamHelper - Created rules for twitter stream Java
2023-08-12 20:48:21 [main] INFO  o.s.b.a.l.ConditionEvaluationReportLoggingListener - 

Error starting ApplicationContext. To display the conditions report re-run your application with 'debug' enabled.
2023-08-12 20:48:21 [main] ERROR o.s.boot.SpringApplication - Application run failed
java.lang.IllegalStateException: Failed to execute CommandLineRunner
	at org.springframework.boot.SpringApplication.callRunner(SpringApplication.java:771)
	at org.springframework.boot.SpringApplication.callRunners(SpringApplication.java:752)
	at org.springframework.boot.SpringApplication.run(SpringApplication.java:314)
	at org.springframework.boot.SpringApplication.run(SpringApplication.java:1303)
	at org.springframework.boot.SpringApplication.run(SpringApplication.java:1292)
	at com.ms.spring_to_kafka.SpringToKafkaDemo.main(SpringToKafkaDemo.java:31)
Caused by: java.lang.NullPointerException: Cannot invoke "String.isEmpty()" because "line" is null
	at com.ms.spring_to_kafka.runner.impl.TwitterV2StreamHelper.connectStream(TwitterV2StreamHelper.java:88)
	at com.ms.spring_to_kafka.runner.impl.TwitterV2KafkaStreamRunner.start(TwitterV2KafkaStreamRunner.java:41)
	at com.ms.spring_to_kafka.SpringToKafkaDemo.run(SpringToKafkaDemo.java:40)
	at org.springframework.boot.SpringApplication.callRunner(SpringApplication.java:768)
	... 5 common frames omitted
